2018-12-29 08:26:12,607 [INFO] [main] io.dfjx.AdminApplication [StartupInfoLogger.java : 50] Starting AdminApplication on DESKTOP-AT6F645 with PID 26840 (D:\01-work\02-program\01-portal\jx-etlschedule\jx-etlschedule\jx-etl\target\classes started by cxh in D:\01-work\02-program\01-portal\jx-etlschedule\jx-etlschedule)
2018-12-29 08:26:12,903 [DEBUG] [main] io.dfjx.AdminApplication [StartupInfoLogger.java : 53] Running with Spring Boot v2.0.3.RELEASE, Spring v5.0.7.RELEASE
2018-12-29 08:26:12,903 [INFO] [main] io.dfjx.AdminApplication [SpringApplication.java : 663] The following profiles are active: dev
2018-12-29 08:26:13,263 [INFO] [main] o.s.b.w.s.c.AnnotationConfigServletWebServerApplicationContext [AbstractApplicationContext.java : 590] Refreshing org.springframework.boot.web.servlet.context.AnnotationConfigServletWebServerApplicationContext@1529706: startup date [Sat Dec 29 08:26:13 CST 2018]; root of context hierarchy
2018-12-29 08:26:18,852 [INFO] [main] o.s.data.repository.config.RepositoryConfigurationDelegate [RepositoryConfigurationDelegate.java : 163] Multiple Spring Data modules found, entering strict repository configuration mode!
2018-12-29 08:26:19,867 [INFO] [main] o.s.c.s.PostProcessorRegistrationDelegate$BeanPostProcessorChecker [PostProcessorRegistrationDelegate.java : 328] Bean 'shiroConfig' of type [io.dfjx.common.config.ShiroConfig$$EnhancerBySpringCGLIB$$ca0bc792] is not eligible for getting processed by all BeanPostProcessors (for example: not eligible for auto-proxying)
2018-12-29 08:26:20,211 [INFO] [main] o.s.c.s.PostProcessorRegistrationDelegate$BeanPostProcessorChecker [PostProcessorRegistrationDelegate.java : 328] Bean 'org.springframework.boot.context.properties.ConversionServiceDeducer$Factory' of type [org.springframework.boot.context.properties.ConversionServiceDeducer$Factory] is not eligible for getting processed by all BeanPostProcessors (for example: not eligible for auto-proxying)
2018-12-29 08:26:20,632 [INFO] [main] o.s.c.s.PostProcessorRegistrationDelegate$BeanPostProcessorChecker [PostProcessorRegistrationDelegate.java : 328] Bean 'mybatis-plus-com.baomidou.mybatisplus.spring.boot.starter.MybatisPlusProperties' of type [com.baomidou.mybatisplus.spring.boot.starter.MybatisPlusProperties] is not eligible for getting processed by all BeanPostProcessors (for example: not eligible for auto-proxying)
2018-12-29 08:26:20,648 [INFO] [main] o.s.c.s.PostProcessorRegistrationDelegate$BeanPostProcessorChecker [PostProcessorRegistrationDelegate.java : 328] Bean 'mybatisPlusConfig' of type [io.dfjx.common.config.MybatisPlusConfig$$EnhancerBySpringCGLIB$$6da4b56e] is not eligible for getting processed by all BeanPostProcessors (for example: not eligible for auto-proxying)
2018-12-29 08:26:20,711 [INFO] [main] o.s.c.s.PostProcessorRegistrationDelegate$BeanPostProcessorChecker [PostProcessorRegistrationDelegate.java : 328] Bean 'paginationInterceptor' of type [com.baomidou.mybatisplus.plugins.PaginationInterceptor] is not eligible for getting processed by all BeanPostProcessors (for example: not eligible for auto-proxying)
2018-12-29 08:26:20,742 [INFO] [main] o.s.c.s.PostProcessorRegistrationDelegate$BeanPostProcessorChecker [PostProcessorRegistrationDelegate.java : 328] Bean 'com.baomidou.mybatisplus.spring.boot.starter.MybatisPlusAutoConfiguration' of type [com.baomidou.mybatisplus.spring.boot.starter.MybatisPlusAutoConfiguration$$EnhancerBySpringCGLIB$$93c34b6] is not eligible for getting processed by all BeanPostProcessors (for example: not eligible for auto-proxying)
2018-12-29 08:26:20,742 [INFO] [main] o.s.c.s.PostProcessorRegistrationDelegate$BeanPostProcessorChecker [PostProcessorRegistrationDelegate.java : 328] Bean 'dynamicDataSourceConfig' of type [io.dfjx.datasources.DynamicDataSourceConfig$$EnhancerBySpringCGLIB$$9f7aef0e] is not eligible for getting processed by all BeanPostProcessors (for example: not eligible for auto-proxying)
2018-12-29 08:26:21,085 [INFO] [main] o.s.c.s.PostProcessorRegistrationDelegate$BeanPostProcessorChecker [PostProcessorRegistrationDelegate.java : 328] Bean 'spring.datasource-org.springframework.boot.autoconfigure.jdbc.DataSourceProperties' of type [org.springframework.boot.autoconfigure.jdbc.DataSourceProperties] is not eligible for getting processed by all BeanPostProcessors (for example: not eligible for auto-proxying)
2018-12-29 08:26:21,117 [INFO] [main] o.s.c.s.PostProcessorRegistrationDelegate$BeanPostProcessorChecker [PostProcessorRegistrationDelegate.java : 328] Bean 'com.alibaba.druid.spring.boot.autoconfigure.stat.DruidFilterConfiguration' of type [com.alibaba.druid.spring.boot.autoconfigure.stat.DruidFilterConfiguration] is not eligible for getting processed by all BeanPostProcessors (for example: not eligible for auto-proxying)
2018-12-29 08:26:21,210 [INFO] [main] o.s.c.s.PostProcessorRegistrationDelegate$BeanPostProcessorChecker [PostProcessorRegistrationDelegate.java : 328] Bean 'statFilter' of type [com.alibaba.druid.filter.stat.StatFilter] is not eligible for getting processed by all BeanPostProcessors (for example: not eligible for auto-proxying)
2018-12-29 08:26:21,273 [INFO] [main] o.s.c.s.PostProcessorRegistrationDelegate$BeanPostProcessorChecker [PostProcessorRegistrationDelegate.java : 328] Bean 'firstDataSource' of type [com.alibaba.druid.spring.boot.autoconfigure.DruidDataSourceWrapper] is not eligible for getting processed by all BeanPostProcessors (for example: not eligible for auto-proxying)
2018-12-29 08:26:21,351 [INFO] [main] o.s.c.s.PostProcessorRegistrationDelegate$BeanPostProcessorChecker [PostProcessorRegistrationDelegate.java : 328] Bean 'secondDataSource' of type [com.alibaba.druid.spring.boot.autoconfigure.DruidDataSourceWrapper] is not eligible for getting processed by all BeanPostProcessors (for example: not eligible for auto-proxying)
2018-12-29 08:26:21,367 [INFO] [main] o.s.c.s.PostProcessorRegistrationDelegate$BeanPostProcessorChecker [PostProcessorRegistrationDelegate.java : 328] Bean 'dataSource' of type [io.dfjx.datasources.DynamicDataSource] is not eligible for getting processed by all BeanPostProcessors (for example: not eligible for auto-proxying)
2018-12-29 08:26:21,945 [INFO] [main] com.alibaba.druid.pool.DruidDataSource [DruidDataSource.java : 930] {dataSource-1} inited
2018-12-29 08:26:23,554 [WARN] [main] com.baomidou.mybatisplus.toolkit.TableInfoHelper [TableInfoHelper.java : 188] Warn: Could not find @TableId in Class: io.dfjx.modules.etl.entity.JobStreamEntity.
2018-12-29 08:26:23,554 [WARN] [main] com.baomidou.mybatisplus.mapper.AutoSqlInjector [AutoSqlInjector.java : 147] class io.dfjx.modules.etl.entity.JobStreamEntity ,Not found @TableId annotation, Cannot use Mybatis-Plus 'xxById' Method.
2018-12-29 08:26:24,803 [INFO] [main] o.s.c.s.PostProcessorRegistrationDelegate$BeanPostProcessorChecker [PostProcessorRegistrationDelegate.java : 328] Bean 'sqlSessionFactory' of type [org.apache.ibatis.session.defaults.DefaultSqlSessionFactory] is not eligible for getting processed by all BeanPostProcessors (for example: not eligible for auto-proxying)
2018-12-29 08:26:24,819 [INFO] [main] o.s.c.s.PostProcessorRegistrationDelegate$BeanPostProcessorChecker [PostProcessorRegistrationDelegate.java : 328] Bean 'sqlSessionTemplate' of type [org.mybatis.spring.SqlSessionTemplate] is not eligible for getting processed by all BeanPostProcessors (for example: not eligible for auto-proxying)
2018-12-29 08:26:24,835 [INFO] [main] o.s.c.s.PostProcessorRegistrationDelegate$BeanPostProcessorChecker [PostProcessorRegistrationDelegate.java : 328] Bean 'sysUserDao' of type [org.mybatis.spring.mapper.MapperFactoryBean] is not eligible for getting processed by all BeanPostProcessors (for example: not eligible for auto-proxying)
2018-12-29 08:26:24,835 [INFO] [main] o.s.c.s.PostProcessorRegistrationDelegate$BeanPostProcessorChecker [PostProcessorRegistrationDelegate.java : 328] Bean 'sysUserDao' of type [com.sun.proxy.$Proxy73] is not eligible for getting processed by all BeanPostProcessors (for example: not eligible for auto-proxying)
2018-12-29 08:26:24,835 [INFO] [main] o.s.c.s.PostProcessorRegistrationDelegate$BeanPostProcessorChecker [PostProcessorRegistrationDelegate.java : 328] Bean 'sysMenuDao' of type [org.mybatis.spring.mapper.MapperFactoryBean] is not eligible for getting processed by all BeanPostProcessors (for example: not eligible for auto-proxying)
2018-12-29 08:26:24,850 [INFO] [main] o.s.c.s.PostProcessorRegistrationDelegate$BeanPostProcessorChecker [PostProcessorRegistrationDelegate.java : 328] Bean 'sysMenuDao' of type [com.sun.proxy.$Proxy74] is not eligible for getting processed by all BeanPostProcessors (for example: not eligible for auto-proxying)
2018-12-29 08:26:24,850 [INFO] [main] o.s.c.s.PostProcessorRegistrationDelegate$BeanPostProcessorChecker [PostProcessorRegistrationDelegate.java : 328] Bean 'userRealm' of type [io.dfjx.modules.sys.shiro.UserRealm] is not eligible for getting processed by all BeanPostProcessors (for example: not eligible for auto-proxying)
2018-12-29 08:26:25,538 [INFO] [main] o.s.c.s.PostProcessorRegistrationDelegate$BeanPostProcessorChecker [PostProcessorRegistrationDelegate.java : 328] Bean 'spring.redis-org.springframework.boot.autoconfigure.data.redis.RedisProperties' of type [org.springframework.boot.autoconfigure.data.redis.RedisProperties] is not eligible for getting processed by all BeanPostProcessors (for example: not eligible for auto-proxying)
2018-12-29 08:26:25,569 [INFO] [main] o.s.c.s.PostProcessorRegistrationDelegate$BeanPostProcessorChecker [PostProcessorRegistrationDelegate.java : 328] Bean 'org.springframework.boot.autoconfigure.data.redis.LettuceConnectionConfiguration' of type [org.springframework.boot.autoconfigure.data.redis.LettuceConnectionConfiguration$$EnhancerBySpringCGLIB$$d0b654a3] is not eligible for getting processed by all BeanPostProcessors (for example: not eligible for auto-proxying)
2018-12-29 08:26:25,991 [INFO] [main] o.s.c.s.PostProcessorRegistrationDelegate$BeanPostProcessorChecker [PostProcessorRegistrationDelegate.java : 328] Bean 'lettuceClientResources' of type [io.lettuce.core.resource.DefaultClientResources] is not eligible for getting processed by all BeanPostProcessors (for example: not eligible for auto-proxying)
2018-12-29 08:26:26,383 [INFO] [main] o.s.c.s.PostProcessorRegistrationDelegate$BeanPostProcessorChecker [PostProcessorRegistrationDelegate.java : 328] Bean 'redisConnectionFactory' of type [org.springframework.data.redis.connection.lettuce.LettuceConnectionFactory] is not eligible for getting processed by all BeanPostProcessors (for example: not eligible for auto-proxying)
2018-12-29 08:26:26,383 [INFO] [main] o.s.c.s.PostProcessorRegistrationDelegate$BeanPostProcessorChecker [PostProcessorRegistrationDelegate.java : 328] Bean 'redisConfig' of type [io.dfjx.common.config.RedisConfig$$EnhancerBySpringCGLIB$$14da4edc] is not eligible for getting processed by all BeanPostProcessors (for example: not eligible for auto-proxying)
2018-12-29 08:26:26,508 [INFO] [main] o.s.c.s.PostProcessorRegistrationDelegate$BeanPostProcessorChecker [PostProcessorRegistrationDelegate.java : 328] Bean 'redisTemplate' of type [org.springframework.data.redis.core.RedisTemplate] is not eligible for getting processed by all BeanPostProcessors (for example: not eligible for auto-proxying)
2018-12-29 08:26:26,508 [INFO] [main] o.s.c.s.PostProcessorRegistrationDelegate$BeanPostProcessorChecker [PostProcessorRegistrationDelegate.java : 328] Bean 'redisShiroSessionDAO' of type [io.dfjx.modules.sys.shiro.RedisShiroSessionDAO] is not eligible for getting processed by all BeanPostProcessors (for example: not eligible for auto-proxying)
2018-12-29 08:26:26,586 [INFO] [main] o.s.c.s.PostProcessorRegistrationDelegate$BeanPostProcessorChecker [PostProcessorRegistrationDelegate.java : 328] Bean 'sessionManager' of type [org.apache.shiro.web.session.mgt.DefaultWebSessionManager] is not eligible for getting processed by all BeanPostProcessors (for example: not eligible for auto-proxying)
2018-12-29 08:26:28,458 [INFO] [main] o.s.c.s.PostProcessorRegistrationDelegate$BeanPostProcessorChecker [PostProcessorRegistrationDelegate.java : 328] Bean 'securityManager' of type [org.apache.shiro.web.mgt.DefaultWebSecurityManager] is not eligible for getting processed by all BeanPostProcessors (for example: not eligible for auto-proxying)
2018-12-29 08:26:28,599 [INFO] [main] o.s.c.s.PostProcessorRegistrationDelegate$BeanPostProcessorChecker [PostProcessorRegistrationDelegate.java : 328] Bean 'authorizationAttributeSourceAdvisor' of type [org.apache.shiro.spring.security.interceptor.AuthorizationAttributeSourceAdvisor] is not eligible for getting processed by all BeanPostProcessors (for example: not eligible for auto-proxying)
2018-12-29 08:26:28,677 [INFO] [main] o.s.c.s.PostProcessorRegistrationDelegate$BeanPostProcessorChecker [PostProcessorRegistrationDelegate.java : 328] Bean 'org.springframework.transaction.annotation.ProxyTransactionManagementConfiguration' of type [org.springframework.transaction.annotation.ProxyTransactionManagementConfiguration$$EnhancerBySpringCGLIB$$bb9c9659] is not eligible for getting processed by all BeanPostProcessors (for example: not eligible for auto-proxying)
2018-12-29 08:26:29,741 [INFO] [main] org.springframework.boot.web.embedded.tomcat.TomcatWebServer [TomcatWebServer.java : 91] Tomcat initialized with port(s): 7202 (http)
2018-12-29 08:26:29,804 [INFO] [main] org.apache.catalina.core.StandardService [DirectJDKLog.java : 180] Starting service [Tomcat]
2018-12-29 08:26:29,804 [INFO] [main] org.apache.catalina.core.StandardEngine [DirectJDKLog.java : 180] Starting Servlet Engine: Apache Tomcat/8.5.31
2018-12-29 08:26:29,851 [INFO] [localhost-startStop-1] org.apache.catalina.core.AprLifecycleListener [DirectJDKLog.java : 180] The APR based Apache Tomcat Native library which allows optimal performance in production environments was not found on the java.library.path: [C:\Program Files (x86)\Java\jdk1.8.0_171\bin;C:\WINDOWS\Sun\Java\bin;C:\WINDOWS\system32;C:\WINDOWS;C:\Program Files (x86)\Common Files\Oracle\Java\javapath;C:\Program Files (x86)\Intel\iCLS Client\;C:\Program Files\Intel\iCLS Client\;C:\Windows\system32;C:\Windows;C:\Windows\System32\Wbem;C:\Windows\System32\WindowsPowerShell\v1.0\;C:\Program Files (x86)\Intel\Intel(R) Management Engine Components\DAL;C:\Program Files\Intel\Intel(R) Management Engine Components\DAL;C:\Program Files (x86)\Intel\Intel(R) Management Engine Components\IPT;C:\Program Files\Intel\Intel(R) Management Engine Components\IPT;C:\Program Files (x86)\NVIDIA Corporation\PhysX\Common;C:\WINDOWS\system32;C:\WINDOWS;C:\WINDOWS\System32\Wbem;C:\WINDOWS\System32\WindowsPowerShell\v1.0\;C:\Program Files (x86)\Java\jdk1.8.0_171\bin;C:\Program Files (x86)\Java\jdk1.8.0_171\jre\bin;D:\00-software\gradle-4.8.1\bin;C:\Program Files\MySQL\MySQL Utilities 1.6\;C:\Program Files\TortoiseSVN\bin;D:\00-software\apache-maven-3.5.3\bin\;C:\Program Files\Git\mingw64\libexec\git-core;c:\Program Files (x86)\Microsoft SQL Server\100\Tools\Binn\;c:\Program Files\Microsoft SQL Server\100\Tools\Binn\;c:\Program Files\Microsoft SQL Server\100\DTS\Binn\;D:\00-software\php-5.6.37-nts-Win32-VC11-x64\;D:\00-software\php-5.6.37-nts-Win32-VC11-x64\ext\;C:\WINDOWS\System32\OpenSSH\;D:\00-software\instantclient_12_2;C:\Program Files\nodejs\;D:\00-software\gradle-4.8.1\bin;C:\Users\cxh\AppData\Local\Microsoft\WindowsApps;C:\Users\cxh\AppData\Local\GitHubDesktop\bin;C:\Users\cxh\AppData\Local\Microsoft\WindowsApps;C:\Program Files\nodejs\node_global;;.]
2018-12-29 08:26:30,127 [INFO] [localhost-startStop-1] o.a.c.core.ContainerBase.[Tomcat].[localhost].[/jx-etl] [DirectJDKLog.java : 180] Initializing Spring embedded WebApplicationContext
2018-12-29 08:26:30,127 [INFO] [localhost-startStop-1] org.springframework.web.context.ContextLoader [ServletWebServerApplicationContext.java : 285] Root WebApplicationContext: initialization completed in 16864 ms
2018-12-29 08:26:30,595 [INFO] [localhost-startStop-1] org.springframework.boot.web.servlet.FilterRegistrationBean [AbstractFilterRegistrationBean.java : 245] Mapping filter: 'characterEncodingFilter' to: [/*]
2018-12-29 08:26:30,595 [INFO] [localhost-startStop-1] org.springframework.boot.web.servlet.FilterRegistrationBean [AbstractFilterRegistrationBean.java : 245] Mapping filter: 'hiddenHttpMethodFilter' to: [/*]
2018-12-29 08:26:30,595 [INFO] [localhost-startStop-1] org.springframework.boot.web.servlet.FilterRegistrationBean [AbstractFilterRegistrationBean.java : 245] Mapping filter: 'httpPutFormContentFilter' to: [/*]
2018-12-29 08:26:30,595 [INFO] [localhost-startStop-1] org.springframework.boot.web.servlet.FilterRegistrationBean [AbstractFilterRegistrationBean.java : 245] Mapping filter: 'requestContextFilter' to: [/*]
2018-12-29 08:26:30,595 [INFO] [localhost-startStop-1] org.springframework.boot.web.servlet.FilterRegistrationBean [AbstractFilterRegistrationBean.java : 258] Mapping filter: 'delegatingFilterProxy' to urls: [/*]
2018-12-29 08:26:30,595 [INFO] [localhost-startStop-1] org.springframework.boot.web.servlet.FilterRegistrationBean [AbstractFilterRegistrationBean.java : 258] Mapping filter: 'xssFilter' to urls: [/*]
2018-12-29 08:26:30,595 [INFO] [localhost-startStop-1] org.springframework.boot.web.servlet.FilterRegistrationBean [AbstractFilterRegistrationBean.java : 258] Mapping filter: 'webStatFilter' to urls: [/*]
2018-12-29 08:26:30,595 [INFO] [localhost-startStop-1] org.springframework.boot.web.servlet.FilterRegistrationBean [AbstractFilterRegistrationBean.java : 245] Mapping filter: 'shiroFilter' to: [/*]
2018-12-29 08:26:30,595 [INFO] [localhost-startStop-1] org.springframework.boot.web.servlet.ServletRegistrationBean [ServletRegistrationBean.java : 186] Servlet dispatcherServlet mapped to [/]
2018-12-29 08:26:30,595 [INFO] [localhost-startStop-1] org.springframework.boot.web.servlet.ServletRegistrationBean [ServletRegistrationBean.java : 186] Servlet statViewServlet mapped to [/druid/*]
2018-12-29 08:26:32,508 [INFO] [main] org.quartz.impl.StdSchedulerFactory [StdSchedulerFactory.java : 1208] Using default implementation for ThreadExecutor
2018-12-29 08:26:32,539 [INFO] [main] org.quartz.core.SchedulerSignalerImpl [SchedulerSignalerImpl.java : 61] Initialized Scheduler Signaller of type: class org.quartz.core.SchedulerSignalerImpl
2018-12-29 08:26:32,539 [INFO] [main] org.quartz.core.QuartzScheduler [QuartzScheduler.java : 229] Quartz Scheduler v.2.3.0 created.
2018-12-29 08:26:32,554 [INFO] [main] o.springframework.scheduling.quartz.LocalDataSourceJobStore [JobStoreSupport.java : 672] Using db table-based data access locking (synchronization).
2018-12-29 08:26:32,554 [INFO] [main] o.springframework.scheduling.quartz.LocalDataSourceJobStore [JobStoreCMT.java : 145] JobStoreCMT initialized.
2018-12-29 08:26:32,554 [INFO] [main] org.quartz.core.QuartzScheduler [QuartzScheduler.java : 294] Scheduler meta-data: Quartz Scheduler (v2.3.0) 'RenrenScheduler' with instanceId 'DESKTOP-AT6F6451546043192508'
  Scheduler class: 'org.quartz.core.QuartzScheduler' - running locally.
  NOT STARTED.
  Currently in standby mode.
  Number of jobs executed: 0
  Using thread pool 'org.quartz.simpl.SimpleThreadPool' - with 20 threads.
  Using job-store 'org.springframework.scheduling.quartz.LocalDataSourceJobStore' - which supports persistence. and is clustered.

2018-12-29 08:26:32,554 [INFO] [main] org.quartz.impl.StdSchedulerFactory [StdSchedulerFactory.java : 1362] Quartz scheduler 'RenrenScheduler' initialized from an externally provided properties instance.
2018-12-29 08:26:32,554 [INFO] [main] org.quartz.impl.StdSchedulerFactory [StdSchedulerFactory.java : 1366] Quartz scheduler version: 2.3.0
2018-12-29 08:26:32,554 [INFO] [main] org.quartz.core.QuartzScheduler [QuartzScheduler.java : 2287] JobFactory set to: org.springframework.scheduling.quartz.AdaptableJobFactory@a3fc34
2018-12-29 08:26:32,664 [DEBUG] [main] io.dfjx.modules.job.dao.ScheduleJobDao.selectList [BaseJdbcLogger.java : 159] ==>  Preparing: SELECT job_id AS jobId,bean_name AS beanName,method_name AS methodName,params,cron_expression AS cronExpression,`status`,remark,create_time AS createTime FROM schedule_job 
2018-12-29 08:26:32,711 [DEBUG] [main] io.dfjx.modules.job.dao.ScheduleJobDao.selectList [BaseJdbcLogger.java : 159] ==> Parameters: 
2018-12-29 08:26:32,742 [DEBUG] [main] io.dfjx.modules.job.dao.ScheduleJobDao.selectList [BaseJdbcLogger.java : 159] <==      Total: 2
2018-12-29 08:26:35,250 [INFO] [main] o.s.w.s.mvc.method.annotation.RequestMappingHandlerMapping [AbstractHandlerMethodMapping.java : 547] Mapped "{[/etl/job/update]}" onto public io.dfjx.common.utils.R io.dfjx.modules.etl.controller.JobController.update(io.dfjx.modules.etl.entity.JobEntity)
2018-12-29 08:26:35,250 [INFO] [main] o.s.w.s.mvc.method.annotation.RequestMappingHandlerMapping [AbstractHandlerMethodMapping.java : 547] Mapped "{[/etl/job/delete]}" onto public io.dfjx.common.utils.R io.dfjx.modules.etl.controller.JobController.delete(java.lang.String[])
2018-12-29 08:26:35,250 [INFO] [main] o.s.w.s.mvc.method.annotation.RequestMappingHandlerMapping [AbstractHandlerMethodMapping.java : 547] Mapped "{[/etl/job/list]}" onto public io.dfjx.common.utils.R io.dfjx.modules.etl.controller.JobController.list(java.util.Map<java.lang.String, java.lang.Object>)
2018-12-29 08:26:35,250 [INFO] [main] o.s.w.s.mvc.method.annotation.RequestMappingHandlerMapping [AbstractHandlerMethodMapping.java : 547] Mapped "{[/etl/job/save]}" onto public io.dfjx.common.utils.R io.dfjx.modules.etl.controller.JobController.save(io.dfjx.modules.etl.entity.JobEntity)
2018-12-29 08:26:35,250 [INFO] [main] o.s.w.s.mvc.method.annotation.RequestMappingHandlerMapping [AbstractHandlerMethodMapping.java : 547] Mapped "{[/etl/job/getstatus]}" onto public io.dfjx.common.utils.R io.dfjx.modules.etl.controller.JobController.getstatus()
2018-12-29 08:26:35,250 [INFO] [main] o.s.w.s.mvc.method.annotation.RequestMappingHandlerMapping [AbstractHandlerMethodMapping.java : 547] Mapped "{[/etl/job/dloadconfig]}" onto public void io.dfjx.modules.etl.controller.JobController.jobDldConfig(javax.servlet.http.HttpServletRequest,javax.servlet.http.HttpServletResponse)
2018-12-29 08:26:35,250 [INFO] [main] o.s.w.s.mvc.method.annotation.RequestMappingHandlerMapping [AbstractHandlerMethodMapping.java : 547] Mapped "{[/etl/job/expconfig]}" onto public io.dfjx.common.utils.R io.dfjx.modules.etl.controller.JobController.jobExpConfig(java.util.Map<java.lang.String, java.lang.Object>)
2018-12-29 08:26:35,250 [INFO] [main] o.s.w.s.mvc.method.annotation.RequestMappingHandlerMapping [AbstractHandlerMethodMapping.java : 547] Mapped "{[/etl/job/fileIsExists/{fileName}]}" onto public io.dfjx.common.utils.R io.dfjx.modules.etl.controller.JobController.fileIsExists(java.lang.String)
2018-12-29 08:26:35,250 [INFO] [main] o.s.w.s.mvc.method.annotation.RequestMappingHandlerMapping [AbstractHandlerMethodMapping.java : 547] Mapped "{[/etl/job/rerunmulti]}" onto public io.dfjx.common.utils.R io.dfjx.modules.etl.controller.JobController.rerunMulti(java.util.Map<java.lang.String, java.lang.Object>)
2018-12-29 08:26:35,265 [INFO] [main] o.s.w.s.mvc.method.annotation.RequestMappingHandlerMapping [AbstractHandlerMethodMapping.java : 547] Mapped "{[/etl/job/batchconfig]}" onto public io.dfjx.common.utils.R io.dfjx.modules.etl.controller.JobController.jobBatchConfig(java.util.Map<java.lang.String, java.lang.Object>)
2018-12-29 08:26:35,265 [INFO] [main] o.s.w.s.mvc.method.annotation.RequestMappingHandlerMapping [AbstractHandlerMethodMapping.java : 547] Mapped "{[/etl/job/jobIsExists]}" onto public io.dfjx.common.utils.R io.dfjx.modules.etl.controller.JobController.jobIsExists(io.dfjx.modules.etl.entity.JobEntity)
2018-12-29 08:26:35,265 [INFO] [main] o.s.w.s.mvc.method.annotation.RequestMappingHandlerMapping [AbstractHandlerMethodMapping.java : 547] Mapped "{[/etl/job/analysis]}" onto public io.dfjx.common.utils.R io.dfjx.modules.etl.controller.JobController.analysis(java.util.Map<java.lang.String, java.lang.Object>)
2018-12-29 08:26:35,265 [INFO] [main] o.s.w.s.mvc.method.annotation.RequestMappingHandlerMapping [AbstractHandlerMethodMapping.java : 547] Mapped "{[/etl/job/info/{etlSystem}]}" onto public io.dfjx.common.utils.R io.dfjx.modules.etl.controller.JobController.info(java.lang.String)
2018-12-29 08:26:35,265 [INFO] [main] o.s.w.s.mvc.method.annotation.RequestMappingHandlerMapping [AbstractHandlerMethodMapping.java : 547] Mapped "{[/etl/job/upbatchenable]}" onto public io.dfjx.common.utils.R io.dfjx.modules.etl.controller.JobController.updateBatchJobEnableFlag(java.util.Map<java.lang.String, java.lang.Object>)
2018-12-29 08:26:35,265 [INFO] [main] o.s.w.s.mvc.method.annotation.RequestMappingHandlerMapping [AbstractHandlerMethodMapping.java : 547] Mapped "{[/etl/job/upbatchstatus]}" onto public io.dfjx.common.utils.R io.dfjx.modules.etl.controller.JobController.updateBatchStatus(java.util.Map<java.lang.String, java.lang.Object>)
2018-12-29 08:26:35,265 [INFO] [main] o.s.w.s.mvc.method.annotation.RequestMappingHandlerMapping [AbstractHandlerMethodMapping.java : 547] Mapped "{[/etl/job/upbatchtxdate]}" onto public io.dfjx.common.utils.R io.dfjx.modules.etl.controller.JobController.updateBatchJobTxDate(java.util.Map<java.lang.String, java.lang.Object>)
2018-12-29 08:26:35,265 [INFO] [main] o.s.w.s.mvc.method.annotation.RequestMappingHandlerMapping [AbstractHandlerMethodMapping.java : 547] Mapped "{[/etl/job/rerun]}" onto public io.dfjx.common.utils.R io.dfjx.modules.etl.controller.JobController.rerun(java.util.Map<java.lang.String, java.lang.Object>)
2018-12-29 08:26:35,265 [INFO] [main] o.s.w.s.mvc.method.annotation.RequestMappingHandlerMapping [AbstractHandlerMethodMapping.java : 547] Mapped "{[/etl/job/upload]}" onto public io.dfjx.common.utils.R io.dfjx.modules.etl.controller.JobController.upload(org.springframework.web.multipart.MultipartFile,javax.servlet.http.HttpServletRequest)
2018-12-29 08:26:35,265 [INFO] [main] o.s.w.s.mvc.method.annotation.RequestMappingHandlerMapping [AbstractHandlerMethodMapping.java : 547] Mapped "{[/etl/jobdependency/update]}" onto public io.dfjx.common.utils.R io.dfjx.modules.etl.controller.JobDependencyController.update(io.dfjx.modules.etl.entity.JobDependencyEntity)
2018-12-29 08:26:35,265 [INFO] [main] o.s.w.s.mvc.method.annotation.RequestMappingHandlerMapping [AbstractHandlerMethodMapping.java : 547] Mapped "{[/etl/jobdependency/delete]}" onto public io.dfjx.common.utils.R io.dfjx.modules.etl.controller.JobDependencyController.delete(java.lang.String[])
2018-12-29 08:26:35,265 [INFO] [main] o.s.w.s.mvc.method.annotation.RequestMappingHandlerMapping [AbstractHandlerMethodMapping.java : 547] Mapped "{[/etl/jobdependency/list]}" onto public io.dfjx.common.utils.R io.dfjx.modules.etl.controller.JobDependencyController.list(java.util.Map<java.lang.String, java.lang.Object>)
2018-12-29 08:26:35,265 [INFO] [main] o.s.w.s.mvc.method.annotation.RequestMappingHandlerMapping [AbstractHandlerMethodMapping.java : 547] Mapped "{[/etl/jobdependency/save]}" onto public io.dfjx.common.utils.R io.dfjx.modules.etl.controller.JobDependencyController.save(io.dfjx.modules.etl.entity.JobDependencyEntity)
2018-12-29 08:26:35,265 [INFO] [main] o.s.w.s.mvc.method.annotation.RequestMappingHandlerMapping [AbstractHandlerMethodMapping.java : 547] Mapped "{[/etl/jobdependency/info/{etlSystem}]}" onto public io.dfjx.common.utils.R io.dfjx.modules.etl.controller.JobDependencyController.info(java.lang.String)
2018-12-29 08:26:35,265 [INFO] [main] o.s.w.s.mvc.method.annotation.RequestMappingHandlerMapping [AbstractHandlerMethodMapping.java : 547] Mapped "{[/etl/joblog/update]}" onto public io.dfjx.common.utils.R io.dfjx.modules.etl.controller.JobLogController.update(io.dfjx.modules.etl.entity.JobLogEntity)
2018-12-29 08:26:35,281 [INFO] [main] o.s.w.s.mvc.method.annotation.RequestMappingHandlerMapping [AbstractHandlerMethodMapping.java : 547] Mapped "{[/etl/joblog/delete]}" onto public io.dfjx.common.utils.R io.dfjx.modules.etl.controller.JobLogController.delete(java.lang.String[])
2018-12-29 08:26:35,281 [INFO] [main] o.s.w.s.mvc.method.annotation.RequestMappingHandlerMapping [AbstractHandlerMethodMapping.java : 547] Mapped "{[/etl/joblog/list]}" onto public io.dfjx.common.utils.R io.dfjx.modules.etl.controller.JobLogController.list(java.util.Map<java.lang.String, java.lang.Object>)
2018-12-29 08:26:35,281 [INFO] [main] o.s.w.s.mvc.method.annotation.RequestMappingHandlerMapping [AbstractHandlerMethodMapping.java : 547] Mapped "{[/etl/joblog/save]}" onto public io.dfjx.common.utils.R io.dfjx.modules.etl.controller.JobLogController.save(io.dfjx.modules.etl.entity.JobLogEntity)
2018-12-29 08:26:35,281 [INFO] [main] o.s.w.s.mvc.method.annotation.RequestMappingHandlerMapping [AbstractHandlerMethodMapping.java : 547] Mapped "{[/etl/joblog/downloadLast]}" onto public void io.dfjx.modules.etl.controller.JobLogController.downloadLast(javax.servlet.http.HttpServletRequest,javax.servlet.http.HttpServletResponse)
2018-12-29 08:26:35,281 [INFO] [main] o.s.w.s.mvc.method.annotation.RequestMappingHandlerMapping [AbstractHandlerMethodMapping.java : 547] Mapped "{[/etl/joblog/info/{etlSystem}]}" onto public io.dfjx.common.utils.R io.dfjx.modules.etl.controller.JobLogController.info(java.lang.String)
2018-12-29 08:26:35,281 [INFO] [main] o.s.w.s.mvc.method.annotation.RequestMappingHandlerMapping [AbstractHandlerMethodMapping.java : 547] Mapped "{[/etl/joblog/logdload]}" onto public void io.dfjx.modules.etl.controller.JobLogController.logdload(javax.servlet.http.HttpServletRequest,javax.servlet.http.HttpServletResponse)
2018-12-29 08:26:35,281 [INFO] [main] o.s.w.s.mvc.method.annotation.RequestMappingHandlerMapping [AbstractHandlerMethodMapping.java : 547] Mapped "{[/etl/joblog/loadLast]}" onto public io.dfjx.common.utils.R io.dfjx.modules.etl.controller.JobLogController.loadLast(java.util.Map<java.lang.String, java.lang.Object>)
2018-12-29 08:26:35,281 [INFO] [main] o.s.w.s.mvc.method.annotation.RequestMappingHandlerMapping [AbstractHandlerMethodMapping.java : 547] Mapped "{[/etl/joblog/loadlog]}" onto public io.dfjx.common.utils.R io.dfjx.modules.etl.controller.JobLogController.loadlog(java.util.Map<java.lang.String, java.lang.Object>)
2018-12-29 08:26:35,281 [INFO] [main] o.s.w.s.mvc.method.annotation.RequestMappingHandlerMapping [AbstractHandlerMethodMapping.java : 547] Mapped "{[/etl/jobsource/update]}" onto public io.dfjx.common.utils.R io.dfjx.modules.etl.controller.JobSourceController.update(io.dfjx.modules.etl.entity.JobSourceEntity)
2018-12-29 08:26:35,281 [INFO] [main] o.s.w.s.mvc.method.annotation.RequestMappingHandlerMapping [AbstractHandlerMethodMapping.java : 547] Mapped "{[/etl/jobsource/delete]}" onto public io.dfjx.common.utils.R io.dfjx.modules.etl.controller.JobSourceController.delete(java.lang.Integer[])
2018-12-29 08:26:35,281 [INFO] [main] o.s.w.s.mvc.method.annotation.RequestMappingHandlerMapping [AbstractHandlerMethodMapping.java : 547] Mapped "{[/etl/jobsource/list]}" onto public io.dfjx.common.utils.R io.dfjx.modules.etl.controller.JobSourceController.list(java.util.Map<java.lang.String, java.lang.Object>)
2018-12-29 08:26:35,281 [INFO] [main] o.s.w.s.mvc.method.annotation.RequestMappingHandlerMapping [AbstractHandlerMethodMapping.java : 547] Mapped "{[/etl/jobsource/save]}" onto public io.dfjx.common.utils.R io.dfjx.modules.etl.controller.JobSourceController.save(io.dfjx.modules.etl.entity.JobSourceEntity)
2018-12-29 08:26:35,281 [INFO] [main] o.s.w.s.mvc.method.annotation.RequestMappingHandlerMapping [AbstractHandlerMethodMapping.java : 547] Mapped "{[/etl/jobsource/info/{id}]}" onto public io.dfjx.common.utils.R io.dfjx.modules.etl.controller.JobSourceController.info(java.lang.Integer)
2018-12-29 08:26:35,281 [INFO] [main] o.s.w.s.mvc.method.annotation.RequestMappingHandlerMapping [AbstractHandlerMethodMapping.java : 547] Mapped "{[/etl/jobstatustype/update]}" onto public io.dfjx.common.utils.R io.dfjx.modules.etl.controller.JobStatusTypeController.update(io.dfjx.modules.etl.entity.JobStatusTypeEntity)
2018-12-29 08:26:35,281 [INFO] [main] o.s.w.s.mvc.method.annotation.RequestMappingHandlerMapping [AbstractHandlerMethodMapping.java : 547] Mapped "{[/etl/jobstatustype/delete]}" onto public io.dfjx.common.utils.R io.dfjx.modules.etl.controller.JobStatusTypeController.delete(java.lang.Integer[])
2018-12-29 08:26:35,281 [INFO] [main] o.s.w.s.mvc.method.annotation.RequestMappingHandlerMapping [AbstractHandlerMethodMapping.java : 547] Mapped "{[/etl/jobstatustype/list]}" onto public io.dfjx.common.utils.R io.dfjx.modules.etl.controller.JobStatusTypeController.list(java.util.Map<java.lang.String, java.lang.Object>)
2018-12-29 08:26:35,297 [INFO] [main] o.s.w.s.mvc.method.annotation.RequestMappingHandlerMapping [AbstractHandlerMethodMapping.java : 547] Mapped "{[/etl/jobstatustype/save]}" onto public io.dfjx.common.utils.R io.dfjx.modules.etl.controller.JobStatusTypeController.save(io.dfjx.modules.etl.entity.JobStatusTypeEntity)
2018-12-29 08:26:35,297 [INFO] [main] o.s.w.s.mvc.method.annotation.RequestMappingHandlerMapping [AbstractHandlerMethodMapping.java : 547] Mapped "{[/etl/jobstatustype/info/{id}]}" onto public io.dfjx.common.utils.R io.dfjx.modules.etl.controller.JobStatusTypeController.info(java.lang.Integer)
2018-12-29 08:26:35,297 [INFO] [main] o.s.w.s.mvc.method.annotation.RequestMappingHandlerMapping [AbstractHandlerMethodMapping.java : 547] Mapped "{[/etl/jobstep/update]}" onto public io.dfjx.common.utils.R io.dfjx.modules.etl.controller.JobStepController.update(io.dfjx.modules.etl.entity.JobStepEntity)
2018-12-29 08:26:35,297 [INFO] [main] o.s.w.s.mvc.method.annotation.RequestMappingHandlerMapping [AbstractHandlerMethodMapping.java : 547] Mapped "{[/etl/jobstep/delete]}" onto public io.dfjx.common.utils.R io.dfjx.modules.etl.controller.JobStepController.delete(java.lang.Integer[])
2018-12-29 08:26:35,297 [INFO] [main] o.s.w.s.mvc.method.annotation.RequestMappingHandlerMapping [AbstractHandlerMethodMapping.java : 547] Mapped "{[/etl/jobstep/list]}" onto public io.dfjx.common.utils.R io.dfjx.modules.etl.controller.JobStepController.list(java.util.Map<java.lang.String, java.lang.Object>)
2018-12-29 08:26:35,297 [INFO] [main] o.s.w.s.mvc.method.annotation.RequestMappingHandlerMapping [AbstractHandlerMethodMapping.java : 547] Mapped "{[/etl/jobstep/save]}" onto public io.dfjx.common.utils.R io.dfjx.modules.etl.controller.JobStepController.save(io.dfjx.modules.etl.entity.JobStepEntity)
2018-12-29 08:26:35,297 [INFO] [main] o.s.w.s.mvc.method.annotation.RequestMappingHandlerMapping [AbstractHandlerMethodMapping.java : 547] Mapped "{[/etl/jobstep/info/{id}]}" onto public io.dfjx.common.utils.R io.dfjx.modules.etl.controller.JobStepController.info(java.lang.Integer)
2018-12-29 08:26:35,297 [INFO] [main] o.s.w.s.mvc.method.annotation.RequestMappingHandlerMapping [AbstractHandlerMethodMapping.java : 547] Mapped "{[/etl/jobstream/update]}" onto public io.dfjx.common.utils.R io.dfjx.modules.etl.controller.JobStreamController.update(io.dfjx.modules.etl.entity.JobStreamEntity)
2018-12-29 08:26:35,297 [INFO] [main] o.s.w.s.mvc.method.annotation.RequestMappingHandlerMapping [AbstractHandlerMethodMapping.java : 547] Mapped "{[/etl/jobstream/delete]}" onto public io.dfjx.common.utils.R io.dfjx.modules.etl.controller.JobStreamController.delete(java.lang.String[])
2018-12-29 08:26:35,297 [INFO] [main] o.s.w.s.mvc.method.annotation.RequestMappingHandlerMapping [AbstractHandlerMethodMapping.java : 547] Mapped "{[/etl/jobstream/list]}" onto public io.dfjx.common.utils.R io.dfjx.modules.etl.controller.JobStreamController.list(java.util.Map<java.lang.String, java.lang.Object>)
2018-12-29 08:26:35,297 [INFO] [main] o.s.w.s.mvc.method.annotation.RequestMappingHandlerMapping [AbstractHandlerMethodMapping.java : 547] Mapped "{[/etl/jobstream/save]}" onto public io.dfjx.common.utils.R io.dfjx.modules.etl.controller.JobStreamController.save(io.dfjx.modules.etl.entity.JobStreamEntity)
2018-12-29 08:26:35,297 [INFO] [main] o.s.w.s.mvc.method.annotation.RequestMappingHandlerMapping [AbstractHandlerMethodMapping.java : 547] Mapped "{[/etl/jobstream/info/{etlSystem}]}" onto public io.dfjx.common.utils.R io.dfjx.modules.etl.controller.JobStreamController.info(java.lang.String)
2018-12-29 08:26:35,297 [INFO] [main] o.s.w.s.mvc.method.annotation.RequestMappingHandlerMapping [AbstractHandlerMethodMapping.java : 547] Mapped "{[/etl/jobtimewindow/update]}" onto public io.dfjx.common.utils.R io.dfjx.modules.etl.controller.JobTimewindowController.update(io.dfjx.modules.etl.entity.JobTimewindowEntity)
2018-12-29 08:26:35,297 [INFO] [main] o.s.w.s.mvc.method.annotation.RequestMappingHandlerMapping [AbstractHandlerMethodMapping.java : 547] Mapped "{[/etl/jobtimewindow/delete]}" onto public io.dfjx.common.utils.R io.dfjx.modules.etl.controller.JobTimewindowController.delete(java.lang.Integer[])
2018-12-29 08:26:35,297 [INFO] [main] o.s.w.s.mvc.method.annotation.RequestMappingHandlerMapping [AbstractHandlerMethodMapping.java : 547] Mapped "{[/etl/jobtimewindow/list]}" onto public io.dfjx.common.utils.R io.dfjx.modules.etl.controller.JobTimewindowController.list(java.util.Map<java.lang.String, java.lang.Object>)
2018-12-29 08:26:35,297 [INFO] [main] o.s.w.s.mvc.method.annotation.RequestMappingHandlerMapping [AbstractHandlerMethodMapping.java : 547] Mapped "{[/etl/jobtimewindow/save]}" onto public io.dfjx.common.utils.R io.dfjx.modules.etl.controller.JobTimewindowController.save(io.dfjx.modules.etl.entity.JobTimewindowEntity)
2018-12-29 08:26:35,312 [INFO] [main] o.s.w.s.mvc.method.annotation.RequestMappingHandlerMapping [AbstractHandlerMethodMapping.java : 547] Mapped "{[/etl/jobtimewindow/info/{id}]}" onto public io.dfjx.common.utils.R io.dfjx.modules.etl.controller.JobTimewindowController.info(java.lang.Integer)
2018-12-29 08:26:35,312 [INFO] [main] o.s.w.s.mvc.method.annotation.RequestMappingHandlerMapping [AbstractHandlerMethodMapping.java : 547] Mapped "{[/etl/script/update]}" onto public io.dfjx.common.utils.R io.dfjx.modules.etl.controller.ScriptController.update(io.dfjx.modules.etl.entity.ScriptEntity)
2018-12-29 08:26:35,312 [INFO] [main] o.s.w.s.mvc.method.annotation.RequestMappingHandlerMapping [AbstractHandlerMethodMapping.java : 547] Mapped "{[/etl/script/delete]}" onto public io.dfjx.common.utils.R io.dfjx.modules.etl.controller.ScriptController.delete(java.lang.Integer[])
2018-12-29 08:26:35,312 [INFO] [main] o.s.w.s.mvc.method.annotation.RequestMappingHandlerMapping [AbstractHandlerMethodMapping.java : 547] Mapped "{[/etl/script/list]}" onto public io.dfjx.common.utils.R io.dfjx.modules.etl.controller.ScriptController.list(java.util.Map<java.lang.String, java.lang.Object>)
2018-12-29 08:26:35,312 [INFO] [main] o.s.w.s.mvc.method.annotation.RequestMappingHandlerMapping [AbstractHandlerMethodMapping.java : 547] Mapped "{[/etl/script/save]}" onto public io.dfjx.common.utils.R io.dfjx.modules.etl.controller.ScriptController.save(io.dfjx.modules.etl.entity.ScriptEntity)
2018-12-29 08:26:35,312 [INFO] [main] o.s.w.s.mvc.method.annotation.RequestMappingHandlerMapping [AbstractHandlerMethodMapping.java : 547] Mapped "{[/etl/script/readScripts/{scriptid}]}" onto public io.dfjx.common.utils.R io.dfjx.modules.etl.controller.ScriptController.readScripts(java.lang.Integer)
2018-12-29 08:26:35,312 [INFO] [main] o.s.w.s.mvc.method.annotation.RequestMappingHandlerMapping [AbstractHandlerMethodMapping.java : 547] Mapped "{[/etl/script/getScriptPath]}" onto public io.dfjx.common.utils.R io.dfjx.modules.etl.controller.ScriptController.getScriptPath()
2018-12-29 08:26:35,312 [INFO] [main] o.s.w.s.mvc.method.annotation.RequestMappingHandlerMapping [AbstractHandlerMethodMapping.java : 547] Mapped "{[/etl/script/saveScripts]}" onto public io.dfjx.common.utils.R io.dfjx.modules.etl.controller.ScriptController.saveScripts(java.util.Map<java.lang.String, java.lang.Object>)
2018-12-29 08:26:35,312 [INFO] [main] o.s.w.s.mvc.method.annotation.RequestMappingHandlerMapping [AbstractHandlerMethodMapping.java : 547] Mapped "{[/etl/script/info/{scriptid}]}" onto public io.dfjx.common.utils.R io.dfjx.modules.etl.controller.ScriptController.info(java.lang.Integer)
2018-12-29 08:26:35,312 [INFO] [main] o.s.w.s.mvc.method.annotation.RequestMappingHandlerMapping [AbstractHandlerMethodMapping.java : 547] Mapped "{[/etl/script/getScripts]}" onto public io.dfjx.common.utils.R io.dfjx.modules.etl.controller.ScriptController.getService()
2018-12-29 08:26:35,312 [INFO] [main] o.s.w.s.mvc.method.annotation.RequestMappingHandlerMapping [AbstractHandlerMethodMapping.java : 547] Mapped "{[/etl/script/upload]}" onto public io.dfjx.common.utils.R io.dfjx.modules.etl.controller.ScriptController.upload(org.springframework.web.multipart.MultipartFile,javax.servlet.http.HttpServletRequest,javax.servlet.http.HttpServletResponse)
2018-12-29 08:26:35,312 [INFO] [main] o.s.w.s.mvc.method.annotation.RequestMappingHandlerMapping [AbstractHandlerMethodMapping.java : 547] Mapped "{[/etl/scriptlog/list]}" onto public io.dfjx.common.utils.R io.dfjx.modules.etl.controller.ScriptLogController.list(java.util.Map<java.lang.String, java.lang.Object>)
2018-12-29 08:26:35,312 [INFO] [main] o.s.w.s.mvc.method.annotation.RequestMappingHandlerMapping [AbstractHandlerMethodMapping.java : 547] Mapped "{[/etl/scriptlog/readScripts/{id}]}" onto public io.dfjx.common.utils.R io.dfjx.modules.etl.controller.ScriptLogController.readScripts(java.lang.Integer)
2018-12-29 08:26:35,312 [INFO] [main] o.s.w.s.mvc.method.annotation.RequestMappingHandlerMapping [AbstractHandlerMethodMapping.java : 547] Mapped "{[/etl/scriptlog/saveScripts/{id}]}" onto public io.dfjx.common.utils.R io.dfjx.modules.etl.controller.ScriptLogController.saveScripts(java.lang.Integer)
2018-12-29 08:26:35,312 [INFO] [main] o.s.w.s.mvc.method.annotation.RequestMappingHandlerMapping [AbstractHandlerMethodMapping.java : 547] Mapped "{[/etl/server/update]}" onto public io.dfjx.common.utils.R io.dfjx.modules.etl.controller.ServerController.update(io.dfjx.modules.etl.entity.ServerEntity)
2018-12-29 08:26:35,312 [INFO] [main] o.s.w.s.mvc.method.annotation.RequestMappingHandlerMapping [AbstractHandlerMethodMapping.java : 547] Mapped "{[/etl/server/delete]}" onto public io.dfjx.common.utils.R io.dfjx.modules.etl.controller.ServerController.delete(java.lang.String[])
2018-12-29 08:26:35,328 [INFO] [main] o.s.w.s.mvc.method.annotation.RequestMappingHandlerMapping [AbstractHandlerMethodMapping.java : 547] Mapped "{[/etl/server/list]}" onto public io.dfjx.common.utils.R io.dfjx.modules.etl.controller.ServerController.list(java.util.Map<java.lang.String, java.lang.Object>)
2018-12-29 08:26:35,328 [INFO] [main] o.s.w.s.mvc.method.annotation.RequestMappingHandlerMapping [AbstractHandlerMethodMapping.java : 547] Mapped "{[/etl/server/save]}" onto public io.dfjx.common.utils.R io.dfjx.modules.etl.controller.ServerController.save(io.dfjx.modules.etl.entity.ServerEntity)
2018-12-29 08:26:35,328 [INFO] [main] o.s.w.s.mvc.method.annotation.RequestMappingHandlerMapping [AbstractHandlerMethodMapping.java : 547] Mapped "{[/etl/server/info/{etlServer}]}" onto public io.dfjx.common.utils.R io.dfjx.modules.etl.controller.ServerController.info(java.lang.String)
2018-12-29 08:26:35,328 [INFO] [main] o.s.w.s.mvc.method.annotation.RequestMappingHandlerMapping [AbstractHandlerMethodMapping.java : 547] Mapped "{[/etl/server/getService]}" onto public io.dfjx.common.utils.R io.dfjx.modules.etl.controller.ServerController.getService()
2018-12-29 08:26:35,328 [INFO] [main] o.s.w.s.mvc.method.annotation.RequestMappingHandlerMapping [AbstractHandlerMethodMapping.java : 547] Mapped "{[/etl/sys/update]}" onto public io.dfjx.common.utils.R io.dfjx.modules.etl.controller.SysController.update(io.dfjx.modules.etl.entity.SysEntity)
2018-12-29 08:26:35,328 [INFO] [main] o.s.w.s.mvc.method.annotation.RequestMappingHandlerMapping [AbstractHandlerMethodMapping.java : 547] Mapped "{[/etl/sys/delete]}" onto public io.dfjx.common.utils.R io.dfjx.modules.etl.controller.SysController.delete(java.lang.String[])
2018-12-29 08:26:35,328 [INFO] [main] o.s.w.s.mvc.method.annotation.RequestMappingHandlerMapping [AbstractHandlerMethodMapping.java : 547] Mapped "{[/etl/sys/list]}" onto public io.dfjx.common.utils.R io.dfjx.modules.etl.controller.SysController.list(java.util.Map<java.lang.String, java.lang.Object>)
2018-12-29 08:26:35,328 [INFO] [main] o.s.w.s.mvc.method.annotation.RequestMappingHandlerMapping [AbstractHandlerMethodMapping.java : 547] Mapped "{[/etl/sys/save]}" onto public io.dfjx.common.utils.R io.dfjx.modules.etl.controller.SysController.save(io.dfjx.modules.etl.entity.SysEntity)
2018-12-29 08:26:35,328 [INFO] [main] o.s.w.s.mvc.method.annotation.RequestMappingHandlerMapping [AbstractHandlerMethodMapping.java : 547] Mapped "{[/etl/sys/getsys]}" onto public io.dfjx.common.utils.R io.dfjx.modules.etl.controller.SysController.getEtlSys()
2018-12-29 08:26:35,328 [INFO] [main] o.s.w.s.mvc.method.annotation.RequestMappingHandlerMapping [AbstractHandlerMethodMapping.java : 547] Mapped "{[/etl/sys/info/{etlSystem}]}" onto public io.dfjx.common.utils.R io.dfjx.modules.etl.controller.SysController.info(java.lang.String)
2018-12-29 08:26:35,328 [INFO] [main] o.s.w.s.mvc.method.annotation.RequestMappingHandlerMapping [AbstractHandlerMethodMapping.java : 547] Mapped "{[/sys/schedule/run]}" onto public io.dfjx.common.utils.R io.dfjx.modules.job.controller.ScheduleJobController.run(java.lang.Long[])
2018-12-29 08:26:35,328 [INFO] [main] o.s.w.s.mvc.method.annotation.RequestMappingHandlerMapping [AbstractHandlerMethodMapping.java : 547] Mapped "{[/sys/schedule/update]}" onto public io.dfjx.common.utils.R io.dfjx.modules.job.controller.ScheduleJobController.update(io.dfjx.modules.job.entity.ScheduleJobEntity)
2018-12-29 08:26:35,328 [INFO] [main] o.s.w.s.mvc.method.annotation.RequestMappingHandlerMapping [AbstractHandlerMethodMapping.java : 547] Mapped "{[/sys/schedule/delete]}" onto public io.dfjx.common.utils.R io.dfjx.modules.job.controller.ScheduleJobController.delete(java.lang.Long[])
2018-12-29 08:26:35,328 [INFO] [main] o.s.w.s.mvc.method.annotation.RequestMappingHandlerMapping [AbstractHandlerMethodMapping.java : 547] Mapped "{[/sys/schedule/resume]}" onto public io.dfjx.common.utils.R io.dfjx.modules.job.controller.ScheduleJobController.resume(java.lang.Long[])
2018-12-29 08:26:35,328 [INFO] [main] o.s.w.s.mvc.method.annotation.RequestMappingHandlerMapping [AbstractHandlerMethodMapping.java : 547] Mapped "{[/sys/schedule/list]}" onto public io.dfjx.common.utils.R io.dfjx.modules.job.controller.ScheduleJobController.list(java.util.Map<java.lang.String, java.lang.Object>)
2018-12-29 08:26:35,328 [INFO] [main] o.s.w.s.mvc.method.annotation.RequestMappingHandlerMapping [AbstractHandlerMethodMapping.java : 547] Mapped "{[/sys/schedule/save]}" onto public io.dfjx.common.utils.R io.dfjx.modules.job.controller.ScheduleJobController.save(io.dfjx.modules.job.entity.ScheduleJobEntity)
2018-12-29 08:26:35,328 [INFO] [main] o.s.w.s.mvc.method.annotation.RequestMappingHandlerMapping [AbstractHandlerMethodMapping.java : 547] Mapped "{[/sys/schedule/info/{jobId}]}" onto public io.dfjx.common.utils.R io.dfjx.modules.job.controller.ScheduleJobController.info(java.lang.Long)
2018-12-29 08:26:35,344 [INFO] [main] o.s.w.s.mvc.method.annotation.RequestMappingHandlerMapping [AbstractHandlerMethodMapping.java : 547] Mapped "{[/sys/schedule/pause]}" onto public io.dfjx.common.utils.R io.dfjx.modules.job.controller.ScheduleJobController.pause(java.lang.Long[])
2018-12-29 08:26:35,344 [INFO] [main] o.s.w.s.mvc.method.annotation.RequestMappingHandlerMapping [AbstractHandlerMethodMapping.java : 547] Mapped "{[/sys/scheduleLog/list]}" onto public io.dfjx.common.utils.R io.dfjx.modules.job.controller.ScheduleJobLogController.list(java.util.Map<java.lang.String, java.lang.Object>)
2018-12-29 08:26:35,344 [INFO] [main] o.s.w.s.mvc.method.annotation.RequestMappingHandlerMapping [AbstractHandlerMethodMapping.java : 547] Mapped "{[/sys/scheduleLog/info/{logId}]}" onto public io.dfjx.common.utils.R io.dfjx.modules.job.controller.ScheduleJobLogController.info(java.lang.Long)
2018-12-29 08:26:35,344 [INFO] [main] o.s.w.s.mvc.method.annotation.RequestMappingHandlerMapping [AbstractHandlerMethodMapping.java : 547] Mapped "{[/sys/oss/delete]}" onto public io.dfjx.common.utils.R io.dfjx.modules.oss.controller.SysOssController.delete(java.lang.Long[])
2018-12-29 08:26:35,344 [INFO] [main] o.s.w.s.mvc.method.annotation.RequestMappingHandlerMapping [AbstractHandlerMethodMapping.java : 547] Mapped "{[/sys/oss/list]}" onto public io.dfjx.common.utils.R io.dfjx.modules.oss.controller.SysOssController.list(java.util.Map<java.lang.String, java.lang.Object>)
2018-12-29 08:26:35,344 [INFO] [main] o.s.w.s.mvc.method.annotation.RequestMappingHandlerMapping [AbstractHandlerMethodMapping.java : 547] Mapped "{[/sys/oss/saveConfig]}" onto public io.dfjx.common.utils.R io.dfjx.modules.oss.controller.SysOssController.saveConfig(io.dfjx.modules.oss.cloud.CloudStorageConfig)
2018-12-29 08:26:35,344 [INFO] [main] o.s.w.s.mvc.method.annotation.RequestMappingHandlerMapping [AbstractHandlerMethodMapping.java : 547] Mapped "{[/sys/oss/config]}" onto public io.dfjx.common.utils.R io.dfjx.modules.oss.controller.SysOssController.config()
2018-12-29 08:26:35,344 [INFO] [main] o.s.w.s.mvc.method.annotation.RequestMappingHandlerMapping [AbstractHandlerMethodMapping.java : 547] Mapped "{[/sys/oss/upload]}" onto public io.dfjx.common.utils.R io.dfjx.modules.oss.controller.SysOssController.upload(org.springframework.web.multipart.MultipartFile) throws java.lang.Exception
2018-12-29 08:26:35,344 [INFO] [main] o.s.w.s.mvc.method.annotation.RequestMappingHandlerMapping [AbstractHandlerMethodMapping.java : 547] Mapped "{[/sys/config/update]}" onto public io.dfjx.common.utils.R io.dfjx.modules.sys.controller.SysConfigController.update(io.dfjx.modules.sys.entity.SysConfigEntity)
2018-12-29 08:26:35,344 [INFO] [main] o.s.w.s.mvc.method.annotation.RequestMappingHandlerMapping [AbstractHandlerMethodMapping.java : 547] Mapped "{[/sys/config/delete]}" onto public io.dfjx.common.utils.R io.dfjx.modules.sys.controller.SysConfigController.delete(java.lang.Long[])
2018-12-29 08:26:35,344 [INFO] [main] o.s.w.s.mvc.method.annotation.RequestMappingHandlerMapping [AbstractHandlerMethodMapping.java : 547] Mapped "{[/sys/config/list]}" onto public io.dfjx.common.utils.R io.dfjx.modules.sys.controller.SysConfigController.list(java.util.Map<java.lang.String, java.lang.Object>)
2018-12-29 08:26:35,344 [INFO] [main] o.s.w.s.mvc.method.annotation.RequestMappingHandlerMapping [AbstractHandlerMethodMapping.java : 547] Mapped "{[/sys/config/save]}" onto public io.dfjx.common.utils.R io.dfjx.modules.sys.controller.SysConfigController.save(io.dfjx.modules.sys.entity.SysConfigEntity)
2018-12-29 08:26:35,344 [INFO] [main] o.s.w.s.mvc.method.annotation.RequestMappingHandlerMapping [AbstractHandlerMethodMapping.java : 547] Mapped "{[/sys/config/info/{id}]}" onto public io.dfjx.common.utils.R io.dfjx.modules.sys.controller.SysConfigController.info(java.lang.Long)
2018-12-29 08:26:35,344 [INFO] [main] o.s.w.s.mvc.method.annotation.RequestMappingHandlerMapping [AbstractHandlerMethodMapping.java : 547] Mapped "{[/sys/dept/update]}" onto public io.dfjx.common.utils.R io.dfjx.modules.sys.controller.SysDeptController.update(io.dfjx.modules.sys.entity.SysDeptEntity)
2018-12-29 08:26:35,344 [INFO] [main] o.s.w.s.mvc.method.annotation.RequestMappingHandlerMapping [AbstractHandlerMethodMapping.java : 547] Mapped "{[/sys/dept/delete]}" onto public io.dfjx.common.utils.R io.dfjx.modules.sys.controller.SysDeptController.delete(long)
2018-12-29 08:26:35,344 [INFO] [main] o.s.w.s.mvc.method.annotation.RequestMappingHandlerMapping [AbstractHandlerMethodMapping.java : 547] Mapped "{[/sys/dept/list]}" onto public java.util.List<io.dfjx.modules.sys.entity.SysDeptEntity> io.dfjx.modules.sys.controller.SysDeptController.list()
2018-12-29 08:26:35,360 [INFO] [main] o.s.w.s.mvc.method.annotation.RequestMappingHandlerMapping [AbstractHandlerMethodMapping.java : 547] Mapped "{[/sys/dept/save]}" onto public io.dfjx.common.utils.R io.dfjx.modules.sys.controller.SysDeptController.save(io.dfjx.modules.sys.entity.SysDeptEntity)
2018-12-29 08:26:35,360 [INFO] [main] o.s.w.s.mvc.method.annotation.RequestMappingHandlerMapping [AbstractHandlerMethodMapping.java : 547] Mapped "{[/sys/dept/info/{deptId}]}" onto public io.dfjx.common.utils.R io.dfjx.modules.sys.controller.SysDeptController.info(java.lang.Long)
2018-12-29 08:26:35,360 [INFO] [main] o.s.w.s.mvc.method.annotation.RequestMappingHandlerMapping [AbstractHandlerMethodMapping.java : 547] Mapped "{[/sys/dept/info]}" onto public io.dfjx.common.utils.R io.dfjx.modules.sys.controller.SysDeptController.info()
2018-12-29 08:26:35,360 [INFO] [main] o.s.w.s.mvc.method.annotation.RequestMappingHandlerMapping [AbstractHandlerMethodMapping.java : 547] Mapped "{[/sys/dept/select]}" onto public io.dfjx.common.utils.R io.dfjx.modules.sys.controller.SysDeptController.select()
2018-12-29 08:26:35,360 [INFO] [main] o.s.w.s.mvc.method.annotation.RequestMappingHandlerMapping [AbstractHandlerMethodMapping.java : 547] Mapped "{[/sys/dict/update]}" onto public io.dfjx.common.utils.R io.dfjx.modules.sys.controller.SysDictController.update(io.dfjx.modules.sys.entity.SysDictEntity)
2018-12-29 08:26:35,360 [INFO] [main] o.s.w.s.mvc.method.annotation.RequestMappingHandlerMapping [AbstractHandlerMethodMapping.java : 547] Mapped "{[/sys/dict/delete]}" onto public io.dfjx.common.utils.R io.dfjx.modules.sys.controller.SysDictController.delete(java.lang.Long[])
2018-12-29 08:26:35,360 [INFO] [main] o.s.w.s.mvc.method.annotation.RequestMappingHandlerMapping [AbstractHandlerMethodMapping.java : 547] Mapped "{[/sys/dict/list]}" onto public io.dfjx.common.utils.R io.dfjx.modules.sys.controller.SysDictController.list(java.util.Map<java.lang.String, java.lang.Object>)
2018-12-29 08:26:35,360 [INFO] [main] o.s.w.s.mvc.method.annotation.RequestMappingHandlerMapping [AbstractHandlerMethodMapping.java : 547] Mapped "{[/sys/dict/save]}" onto public io.dfjx.common.utils.R io.dfjx.modules.sys.controller.SysDictController.save(io.dfjx.modules.sys.entity.SysDictEntity)
2018-12-29 08:26:35,360 [INFO] [main] o.s.w.s.mvc.method.annotation.RequestMappingHandlerMapping [AbstractHandlerMethodMapping.java : 547] Mapped "{[/sys/dict/info/{id}]}" onto public io.dfjx.common.utils.R io.dfjx.modules.sys.controller.SysDictController.info(java.lang.Long)
2018-12-29 08:26:35,360 [INFO] [main] o.s.w.s.mvc.method.annotation.RequestMappingHandlerMapping [AbstractHandlerMethodMapping.java : 547] Mapped "{[/sys/log/list]}" onto public io.dfjx.common.utils.R io.dfjx.modules.sys.controller.SysLogController.list(java.util.Map<java.lang.String, java.lang.Object>)
2018-12-29 08:26:35,360 [INFO] [main] o.s.w.s.mvc.method.annotation.RequestMappingHandlerMapping [AbstractHandlerMethodMapping.java : 547] Mapped "{[/oosLoginAdmin],methods=[GET]}" onto public java.lang.String io.dfjx.modules.sys.controller.SysLoginController.oosLoginAdmin(java.lang.String,java.lang.String)
2018-12-29 08:26:35,360 [INFO] [main] o.s.w.s.mvc.method.annotation.RequestMappingHandlerMapping [AbstractHandlerMethodMapping.java : 547] Mapped "{[/sys/login],methods=[POST]}" onto public io.dfjx.common.utils.R io.dfjx.modules.sys.controller.SysLoginController.login(java.lang.String,java.lang.String)
2018-12-29 08:26:35,360 [INFO] [main] o.s.w.s.mvc.method.annotation.RequestMappingHandlerMapping [AbstractHandlerMethodMapping.java : 547] Mapped "{[/captcha.jpg]}" onto public void io.dfjx.modules.sys.controller.SysLoginController.captcha(javax.servlet.http.HttpServletResponse) throws java.io.IOException
2018-12-29 08:26:35,360 [INFO] [main] o.s.w.s.mvc.method.annotation.RequestMappingHandlerMapping [AbstractHandlerMethodMapping.java : 547] Mapped "{[/logout],methods=[GET]}" onto public java.lang.String io.dfjx.modules.sys.controller.SysLoginController.logout()
2018-12-29 08:26:35,360 [INFO] [main] o.s.w.s.mvc.method.annotation.RequestMappingHandlerMapping [AbstractHandlerMethodMapping.java : 547] Mapped "{[/oosLogin],methods=[GET]}" onto public java.lang.String io.dfjx.modules.sys.controller.SysLoginController.oosLogin(java.lang.String,java.lang.String)
2018-12-29 08:26:35,375 [INFO] [main] o.s.w.s.mvc.method.annotation.RequestMappingHandlerMapping [AbstractHandlerMethodMapping.java : 547] Mapped "{[/sys/menu/update]}" onto public io.dfjx.common.utils.R io.dfjx.modules.sys.controller.SysMenuController.update(io.dfjx.modules.sys.entity.SysMenuEntity)
2018-12-29 08:26:35,375 [INFO] [main] o.s.w.s.mvc.method.annotation.RequestMappingHandlerMapping [AbstractHandlerMethodMapping.java : 547] Mapped "{[/sys/menu/delete]}" onto public io.dfjx.common.utils.R io.dfjx.modules.sys.controller.SysMenuController.delete(long)
2018-12-29 08:26:35,391 [INFO] [main] o.s.w.s.mvc.method.annotation.RequestMappingHandlerMapping [AbstractHandlerMethodMapping.java : 547] Mapped "{[/sys/menu/list]}" onto public java.util.List<io.dfjx.modules.sys.entity.SysMenuEntity> io.dfjx.modules.sys.controller.SysMenuController.list()
2018-12-29 08:26:35,391 [INFO] [main] o.s.w.s.mvc.method.annotation.RequestMappingHandlerMapping [AbstractHandlerMethodMapping.java : 547] Mapped "{[/sys/menu/save]}" onto public io.dfjx.common.utils.R io.dfjx.modules.sys.controller.SysMenuController.save(io.dfjx.modules.sys.entity.SysMenuEntity)
2018-12-29 08:26:35,391 [INFO] [main] o.s.w.s.mvc.method.annotation.RequestMappingHandlerMapping [AbstractHandlerMethodMapping.java : 547] Mapped "{[/sys/menu/info/{menuId}]}" onto public io.dfjx.common.utils.R io.dfjx.modules.sys.controller.SysMenuController.info(java.lang.Long)
2018-12-29 08:26:35,391 [INFO] [main] o.s.w.s.mvc.method.annotation.RequestMappingHandlerMapping [AbstractHandlerMethodMapping.java : 547] Mapped "{[/sys/menu/nav]}" onto public io.dfjx.common.utils.R io.dfjx.modules.sys.controller.SysMenuController.nav()
2018-12-29 08:26:35,391 [INFO] [main] o.s.w.s.mvc.method.annotation.RequestMappingHandlerMapping [AbstractHandlerMethodMapping.java : 547] Mapped "{[/sys/menu/select]}" onto public io.dfjx.common.utils.R io.dfjx.modules.sys.controller.SysMenuController.select()
2018-12-29 08:26:35,391 [INFO] [main] o.s.w.s.mvc.method.annotation.RequestMappingHandlerMapping [AbstractHandlerMethodMapping.java : 547] Mapped "{[/ || /index.html]}" onto public java.lang.String io.dfjx.modules.sys.controller.SysPageController.index(javax.servlet.http.HttpServletRequest)
2018-12-29 08:26:35,391 [INFO] [main] o.s.w.s.mvc.method.annotation.RequestMappingHandlerMapping [AbstractHandlerMethodMapping.java : 547] Mapped "{[/main.html]}" onto public java.lang.String io.dfjx.modules.sys.controller.SysPageController.main()
2018-12-29 08:26:35,391 [INFO] [main] o.s.w.s.mvc.method.annotation.RequestMappingHandlerMapping [AbstractHandlerMethodMapping.java : 547] Mapped "{[/index1.html]}" onto public java.lang.String io.dfjx.modules.sys.controller.SysPageController.index1()
2018-12-29 08:26:35,391 [INFO] [main] o.s.w.s.mvc.method.annotation.RequestMappingHandlerMapping [AbstractHandlerMethodMapping.java : 547] Mapped "{[/modules/{module}/{url}.html]}" onto public java.lang.String io.dfjx.modules.sys.controller.SysPageController.module(java.lang.String,java.lang.String)
2018-12-29 08:26:35,391 [INFO] [main] o.s.w.s.mvc.method.annotation.RequestMappingHandlerMapping [AbstractHandlerMethodMapping.java : 547] Mapped "{[/login.html]}" onto public java.lang.String io.dfjx.modules.sys.controller.SysPageController.login()
2018-12-29 08:26:35,391 [INFO] [main] o.s.w.s.mvc.method.annotation.RequestMappingHandlerMapping [AbstractHandlerMethodMapping.java : 547] Mapped "{[/404.html]}" onto public java.lang.String io.dfjx.modules.sys.controller.SysPageController.notFound()
2018-12-29 08:26:35,391 [INFO] [main] o.s.w.s.mvc.method.annotation.RequestMappingHandlerMapping [AbstractHandlerMethodMapping.java : 547] Mapped "{[/logincas]}" onto public java.lang.String io.dfjx.modules.sys.controller.SysPageController.logincas()
2018-12-29 08:26:35,391 [INFO] [main] o.s.w.s.mvc.method.annotation.RequestMappingHandlerMapping [AbstractHandlerMethodMapping.java : 547] Mapped "{[/sys/role/update]}" onto public io.dfjx.common.utils.R io.dfjx.modules.sys.controller.SysRoleController.update(io.dfjx.modules.sys.entity.SysRoleEntity)
2018-12-29 08:26:35,391 [INFO] [main] o.s.w.s.mvc.method.annotation.RequestMappingHandlerMapping [AbstractHandlerMethodMapping.java : 547] Mapped "{[/sys/role/delete]}" onto public io.dfjx.common.utils.R io.dfjx.modules.sys.controller.SysRoleController.delete(java.lang.Long[])
2018-12-29 08:26:35,391 [INFO] [main] o.s.w.s.mvc.method.annotation.RequestMappingHandlerMapping [AbstractHandlerMethodMapping.java : 547] Mapped "{[/sys/role/list]}" onto public io.dfjx.common.utils.R io.dfjx.modules.sys.controller.SysRoleController.list(java.util.Map<java.lang.String, java.lang.Object>)
2018-12-29 08:26:35,391 [INFO] [main] o.s.w.s.mvc.method.annotation.RequestMappingHandlerMapping [AbstractHandlerMethodMapping.java : 547] Mapped "{[/sys/role/save]}" onto public io.dfjx.common.utils.R io.dfjx.modules.sys.controller.SysRoleController.save(io.dfjx.modules.sys.entity.SysRoleEntity)
2018-12-29 08:26:35,391 [INFO] [main] o.s.w.s.mvc.method.annotation.RequestMappingHandlerMapping [AbstractHandlerMethodMapping.java : 547] Mapped "{[/sys/role/info/{roleId}]}" onto public io.dfjx.common.utils.R io.dfjx.modules.sys.controller.SysRoleController.info(java.lang.Long)
2018-12-29 08:26:35,391 [INFO] [main] o.s.w.s.mvc.method.annotation.RequestMappingHandlerMapping [AbstractHandlerMethodMapping.java : 547] Mapped "{[/sys/role/select]}" onto public io.dfjx.common.utils.R io.dfjx.modules.sys.controller.SysRoleController.select()
2018-12-29 08:26:35,407 [INFO] [main] o.s.w.s.mvc.method.annotation.RequestMappingHandlerMapping [AbstractHandlerMethodMapping.java : 547] Mapped "{[/sys/user/update]}" onto public io.dfjx.common.utils.R io.dfjx.modules.sys.controller.SysUserController.update(io.dfjx.modules.sys.entity.SysUserEntity)
2018-12-29 08:26:35,407 [INFO] [main] o.s.w.s.mvc.method.annotation.RequestMappingHandlerMapping [AbstractHandlerMethodMapping.java : 547] Mapped "{[/sys/user/delete]}" onto public io.dfjx.common.utils.R io.dfjx.modules.sys.controller.SysUserController.delete(java.lang.Long[])
2018-12-29 08:26:35,407 [INFO] [main] o.s.w.s.mvc.method.annotation.RequestMappingHandlerMapping [AbstractHandlerMethodMapping.java : 547] Mapped "{[/sys/user/list]}" onto public io.dfjx.common.utils.R io.dfjx.modules.sys.controller.SysUserController.list(java.util.Map<java.lang.String, java.lang.Object>)
2018-12-29 08:26:35,407 [INFO] [main] o.s.w.s.mvc.method.annotation.RequestMappingHandlerMapping [AbstractHandlerMethodMapping.java : 547] Mapped "{[/sys/user/save]}" onto public io.dfjx.common.utils.R io.dfjx.modules.sys.controller.SysUserController.save(io.dfjx.modules.sys.entity.SysUserEntity)
2018-12-29 08:26:35,407 [INFO] [main] o.s.w.s.mvc.method.annotation.RequestMappingHandlerMapping [AbstractHandlerMethodMapping.java : 547] Mapped "{[/sys/user/info/{userId}]}" onto public io.dfjx.common.utils.R io.dfjx.modules.sys.controller.SysUserController.info(java.lang.Long)
2018-12-29 08:26:35,407 [INFO] [main] o.s.w.s.mvc.method.annotation.RequestMappingHandlerMapping [AbstractHandlerMethodMapping.java : 547] Mapped "{[/sys/user/info]}" onto public io.dfjx.common.utils.R io.dfjx.modules.sys.controller.SysUserController.info()
2018-12-29 08:26:35,407 [INFO] [main] o.s.w.s.mvc.method.annotation.RequestMappingHandlerMapping [AbstractHandlerMethodMapping.java : 547] Mapped "{[/sys/user/password]}" onto public io.dfjx.common.utils.R io.dfjx.modules.sys.controller.SysUserController.password(java.lang.String,java.lang.String)
2018-12-29 08:26:35,421 [INFO] [main] o.s.w.s.mvc.method.annotation.RequestMappingHandlerMapping [AbstractHandlerMethodMapping.java : 547] Mapped "{[/swagger-resources/configuration/ui]}" onto public org.springframework.http.ResponseEntity<springfox.documentation.swagger.web.UiConfiguration> springfox.documentation.swagger.web.ApiResourceController.uiConfiguration()
2018-12-29 08:26:35,421 [INFO] [main] o.s.w.s.mvc.method.annotation.RequestMappingHandlerMapping [AbstractHandlerMethodMapping.java : 547] Mapped "{[/swagger-resources]}" onto public org.springframework.http.ResponseEntity<java.util.List<springfox.documentation.swagger.web.SwaggerResource>> springfox.documentation.swagger.web.ApiResourceController.swaggerResources()
2018-12-29 08:26:35,421 [INFO] [main] o.s.w.s.mvc.method.annotation.RequestMappingHandlerMapping [AbstractHandlerMethodMapping.java : 547] Mapped "{[/swagger-resources/configuration/security]}" onto public org.springframework.http.ResponseEntity<springfox.documentation.swagger.web.SecurityConfiguration> springfox.documentation.swagger.web.ApiResourceController.securityConfiguration()
2018-12-29 08:26:35,421 [INFO] [main] o.s.w.s.mvc.method.annotation.RequestMappingHandlerMapping [AbstractHandlerMethodMapping.java : 547] Mapped "{[/error]}" onto public org.springframework.http.ResponseEntity<java.util.Map<java.lang.String, java.lang.Object>> org.springframework.boot.autoconfigure.web.servlet.error.BasicErrorController.error(javax.servlet.http.HttpServletRequest)
2018-12-29 08:26:35,421 [INFO] [main] o.s.w.s.mvc.method.annotation.RequestMappingHandlerMapping [AbstractHandlerMethodMapping.java : 547] Mapped "{[/error],produces=[text/html]}" onto public org.springframework.web.servlet.ModelAndView org.springframework.boot.autoconfigure.web.servlet.error.BasicErrorController.errorHtml(javax.servlet.http.HttpServletRequest,javax.servlet.http.HttpServletResponse)
2018-12-29 08:26:35,921 [INFO] [main] o.s.web.servlet.view.freemarker.FreeMarkerConfigurer [FreeMarkerConfigurer.java : 131] ClassTemplateLoader for Spring macros added to FreeMarker configuration
2018-12-29 08:26:35,999 [INFO] [main] s.d.spring.web.PropertySourcedRequestMappingHandlerMapping [PropertySourcedRequestMappingHandlerMapping.java : 69] Mapped URL path [/v2/api-docs] onto method [public org.springframework.http.ResponseEntity<springfox.documentation.spring.web.json.Json> springfox.documentation.swagger2.web.Swagger2Controller.getDocumentation(java.lang.String,javax.servlet.http.HttpServletRequest)]
2018-12-29 08:26:36,390 [INFO] [main] o.s.web.servlet.handler.SimpleUrlHandlerMapping [AbstractUrlHandlerMapping.java : 373] Mapped URL path [/**/favicon.ico] onto handler of type [class org.springframework.web.servlet.resource.ResourceHttpRequestHandler]
2018-12-29 08:26:36,827 [INFO] [main] o.s.w.s.mvc.method.annotation.RequestMappingHandlerAdapter [RequestMappingHandlerAdapter.java : 574] Looking for @ControllerAdvice: org.springframework.boot.web.servlet.context.AnnotationConfigServletWebServerApplicationContext@1529706: startup date [Sat Dec 29 08:26:13 CST 2018]; root of context hierarchy
2018-12-29 08:26:37,093 [INFO] [main] o.s.web.servlet.handler.SimpleUrlHandlerMapping [AbstractUrlHandlerMapping.java : 373] Mapped URL path [/webjars/**] onto handler of type [class org.springframework.web.servlet.resource.ResourceHttpRequestHandler]
2018-12-29 08:26:37,093 [INFO] [main] o.s.web.servlet.handler.SimpleUrlHandlerMapping [AbstractUrlHandlerMapping.java : 373] Mapped URL path [/**] onto handler of type [class org.springframework.web.servlet.resource.ResourceHttpRequestHandler]
2018-12-29 08:26:37,093 [INFO] [main] o.s.web.servlet.handler.SimpleUrlHandlerMapping [AbstractUrlHandlerMapping.java : 373] Mapped URL path [/statics/**] onto handler of type [class org.springframework.web.servlet.resource.ResourceHttpRequestHandler]
2018-12-29 08:26:37,155 [INFO] [main] o.s.w.s.m.m.annotation.ExceptionHandlerExceptionResolver [ExceptionHandlerExceptionResolver.java : 288] Detected @ExceptionHandler methods in RRExceptionHandler
2018-12-29 08:26:37,280 [INFO] [main] o.s.boot.autoconfigure.web.servlet.WelcomePageHandlerMapping [WelcomePageHandlerMapping.java : 61] Adding welcome page template: index
2018-12-29 08:26:38,514 [INFO] [main] o.s.jmx.export.annotation.AnnotationMBeanExporter [MBeanExporter.java : 433] Registering beans for JMX exposure on startup
2018-12-29 08:26:38,530 [INFO] [main] o.s.jmx.export.annotation.AnnotationMBeanExporter [MBeanExporter.java : 895] Bean with name 'firstDataSource' has been autodetected for JMX exposure
2018-12-29 08:26:38,530 [INFO] [main] o.s.jmx.export.annotation.AnnotationMBeanExporter [MBeanExporter.java : 895] Bean with name 'secondDataSource' has been autodetected for JMX exposure
2018-12-29 08:26:38,530 [INFO] [main] o.s.jmx.export.annotation.AnnotationMBeanExporter [MBeanExporter.java : 895] Bean with name 'statFilter' has been autodetected for JMX exposure
2018-12-29 08:26:38,530 [INFO] [main] o.s.jmx.export.annotation.AnnotationMBeanExporter [MBeanExporter.java : 668] Located MBean 'firstDataSource': registering with JMX server as MBean [com.alibaba.druid.spring.boot.autoconfigure:name=firstDataSource,type=DruidDataSourceWrapper]
2018-12-29 08:26:38,530 [INFO] [main] o.s.jmx.export.annotation.AnnotationMBeanExporter [MBeanExporter.java : 668] Located MBean 'secondDataSource': registering with JMX server as MBean [com.alibaba.druid.spring.boot.autoconfigure:name=secondDataSource,type=DruidDataSourceWrapper]
2018-12-29 08:26:38,530 [INFO] [main] o.s.jmx.export.annotation.AnnotationMBeanExporter [MBeanExporter.java : 668] Located MBean 'statFilter': registering with JMX server as MBean [com.alibaba.druid.filter.stat:name=statFilter,type=StatFilter]
2018-12-29 08:26:38,546 [INFO] [main] o.springframework.context.support.DefaultLifecycleProcessor [DefaultLifecycleProcessor.java : 351] Starting beans in phase 2147483647
2018-12-29 08:26:38,546 [INFO] [main] s.d.spring.web.plugins.DocumentationPluginsBootstrapper [DocumentationPluginsBootstrapper.java : 147] Context refreshed
2018-12-29 08:26:38,577 [INFO] [main] s.d.spring.web.plugins.DocumentationPluginsBootstrapper [DocumentationPluginsBootstrapper.java : 150] Found 1 custom documentation plugin(s)
2018-12-29 08:26:38,639 [INFO] [main] s.d.spring.web.scanners.ApiListingReferenceScanner [ApiListingReferenceScanner.java : 41] Scanning for api listing references
2018-12-29 08:26:38,655 [INFO] [main] org.springframework.scheduling.quartz.SchedulerFactoryBean [SchedulerFactoryBean.java : 705] Will start Quartz Scheduler [RenrenScheduler] in 30 seconds
2018-12-29 08:26:38,718 [INFO] [main] org.springframework.boot.web.embedded.tomcat.TomcatWebServer [TomcatWebServer.java : 206] Tomcat started on port(s): 7202 (http) with context path '/jx-etl'
2018-12-29 08:26:38,733 [INFO] [main] io.dfjx.AdminApplication [StartupInfoLogger.java : 59] Started AdminApplication in 29.422 seconds (JVM running for 35.893)
2018-12-29 08:27:08,682 [INFO] [Quartz Scheduler [RenrenScheduler]] org.springframework.scheduling.quartz.SchedulerFactoryBean [SchedulerFactoryBean.java : 721] Starting Quartz Scheduler now, after delay of 30 seconds
2018-12-29 08:27:08,697 [INFO] [Quartz Scheduler [RenrenScheduler]] o.springframework.scheduling.quartz.LocalDataSourceJobStore [JobStoreSupport.java : 3629] ClusterManager: detected 1 failed or restarted instances.
2018-12-29 08:27:08,697 [INFO] [Quartz Scheduler [RenrenScheduler]] o.springframework.scheduling.quartz.LocalDataSourceJobStore [JobStoreSupport.java : 3488] ClusterManager: Scanning for instance "DESKTOP-AT6F6451545990196051"'s failed in-progress jobs.
2018-12-29 08:27:08,794 [INFO] [Quartz Scheduler [RenrenScheduler]] org.quartz.core.QuartzScheduler [QuartzScheduler.java : 547] Scheduler RenrenScheduler_$_DESKTOP-AT6F6451546043192508 started.
2018-12-29 08:27:08,826 [INFO] [QuartzScheduler_RenrenScheduler-DESKTOP-AT6F6451546043192508_MisfireHandler] o.springframework.scheduling.quartz.LocalDataSourceJobStore [JobStoreSupport.java : 973] Handling 1 trigger(s) that missed their scheduled fire-time.
2018-12-29 08:30:00,176 [INFO] [RenrenScheduler_Worker-1] io.dfjx.modules.job.utils.ScheduleJob [ScheduleJob.java : 68] ID1
2018-12-29 08:30:00,203 [INFO] [pool-2-thread-1] io.dfjx.modules.job.task.TestTask [TestTask.java : 43] testdfjx
2018-12-29 08:30:01,298 [DEBUG] [pool-2-thread-1] io.dfjx.modules.sys.dao.SysUserDao.selectById [BaseJdbcLogger.java : 159] ==>  Preparing: SELECT user_id AS userId,username,`password`,salt,email,mobile,`status`,create_time AS createTime,dept_id AS deptId FROM sys_user WHERE user_id=? 
2018-12-29 08:30:01,301 [DEBUG] [pool-2-thread-1] io.dfjx.modules.sys.dao.SysUserDao.selectById [BaseJdbcLogger.java : 159] ==> Parameters: 1(Long)
2018-12-29 08:30:01,311 [DEBUG] [pool-2-thread-1] io.dfjx.modules.sys.dao.SysUserDao.selectById [BaseJdbcLogger.java : 159] <==      Total: 1
2018-12-29 08:30:01,399 [INFO] [RenrenScheduler_Worker-1] io.dfjx.modules.job.utils.ScheduleJob [ScheduleJob.java : 81] ID1  1223
2018-12-29 08:30:01,519 [DEBUG] [RenrenScheduler_Worker-1] io.dfjx.modules.job.dao.ScheduleJobLogDao.insert [BaseJdbcLogger.java : 159] ==>  Preparing: INSERT INTO schedule_job_log ( job_id, bean_name, method_name, params, `status`, times, create_time ) VALUES ( ?, ?, ?, ?, ?, ?, ? ) 
2018-12-29 08:30:01,523 [DEBUG] [RenrenScheduler_Worker-1] io.dfjx.modules.job.dao.ScheduleJobLogDao.insert [BaseJdbcLogger.java : 159] ==> Parameters: 1(Long), testTask(String), test(String), dfjx(String), 0(Integer), 1223(Integer), 2018-12-29 08:30:00.175(Timestamp)
2018-12-29 08:30:01,527 [DEBUG] [RenrenScheduler_Worker-1] io.dfjx.modules.job.dao.ScheduleJobLogDao.insert [BaseJdbcLogger.java : 159] <==    Updates: 1
